Wed Feb 18 20:18:38 CST 2009  [debug] AvalonLogSystem initialized using logfile 'velocity.log'
Wed Feb 18 20:18:38 CST 2009   [info] ************************************************************** 
Wed Feb 18 20:18:38 CST 2009   [info] Starting Jakarta Velocity v1.4
Wed Feb 18 20:18:38 CST 2009   [info] RuntimeInstance initializing.
Wed Feb 18 20:18:38 CST 2009   [info] Default Properties File: org\apache\velocity\runtime\defaults\velocity.properties
Wed Feb 18 20:18:38 CST 2009   [info] Trying to use logger class org.apache.velocity.runtime.log.AvalonLogSystem
Wed Feb 18 20:18:38 CST 2009   [info] Using logger class org.apache.velocity.runtime.log.AvalonLogSystem
Wed Feb 18 20:18:38 CST 2009   [info] Default ResourceManager initializing. (class org.apache.velocity.runtime.resource.ResourceManagerImpl)
Wed Feb 18 20:18:38 CST 2009   [info] Resource Loader Instantiated: org.apache.velocity.runtime.resource.loader.FileResourceLoader
Wed Feb 18 20:18:38 CST 2009   [info] FileResourceLoader : initialization starting.
Wed Feb 18 20:18:38 CST 2009   [info] FileResourceLoader : adding path '.'
Wed Feb 18 20:18:38 CST 2009   [info] FileResourceLoader : initialization complete.
Wed Feb 18 20:18:38 CST 2009   [info] ResourceCache : initialized. (class org.apache.velocity.runtime.resource.ResourceCacheImpl)
Wed Feb 18 20:18:38 CST 2009   [info] Default ResourceManager initialization complete.
Wed Feb 18 20:18:38 CST 2009   [info] Loaded System Directive: org.apache.velocity.runtime.directive.Literal
Wed Feb 18 20:18:38 CST 2009   [info] Loaded System Directive: org.apache.velocity.runtime.directive.Macro
Wed Feb 18 20:18:38 CST 2009   [info] Loaded System Directive: org.apache.velocity.runtime.directive.Parse
Wed Feb 18 20:18:38 CST 2009   [info] Loaded System Directive: org.apache.velocity.runtime.directive.Include
Wed Feb 18 20:18:38 CST 2009   [info] Loaded System Directive: org.apache.velocity.runtime.directive.Foreach
Wed Feb 18 20:18:38 CST 2009   [info] Created: 20 parsers.
Wed Feb 18 20:18:38 CST 2009   [info] Velocimacro : initialization starting.
Wed Feb 18 20:18:38 CST 2009   [info] Velocimacro : adding VMs from VM library template : VM_global_library.vm
Wed Feb 18 20:18:38 CST 2009  [error] ResourceManager : unable to find resource 'VM_global_library.vm' in any resource loader.
Wed Feb 18 20:18:38 CST 2009   [info] Velocimacro : error using  VM library template VM_global_library.vm : org.apache.velocity.exception.ResourceNotFoundException: Unable to find resource 'VM_global_library.vm'
Wed Feb 18 20:18:38 CST 2009   [info] Velocimacro :  VM library template macro registration complete.
Wed Feb 18 20:18:38 CST 2009   [info] Velocimacro : allowInline = true : VMs can be defined inline in templates
Wed Feb 18 20:18:38 CST 2009   [info] Velocimacro : allowInlineToOverride = false : VMs defined inline may NOT replace previous VM definitions
Wed Feb 18 20:18:38 CST 2009   [info] Velocimacro : allowInlineLocal = false : VMs defined inline will be  global in scope if allowed.
Wed Feb 18 20:18:38 CST 2009   [info] Velocimacro : messages on  : VM system will output logging messages
Wed Feb 18 20:18:38 CST 2009   [info] Velocimacro : autoload off  : VM system will not automatically reload global library macros
Wed Feb 18 20:18:38 CST 2009   [info] Velocimacro : initialization complete.
Wed Feb 18 20:18:38 CST 2009   [info] Velocity successfully started.
Wed Feb 18 20:18:38 CST 2009   [info] ResourceManager : found icbcSign.vm with loader org.apache.velocity.runtime.resource.loader.FileResourceLoader
Wed Feb 18 20:18:38 CST 2009   [warn] org.apache.velocity.runtime.exception.ReferenceException: reference : template = icbcSign.vm [line 5,column 54] : $iselcorpId is not a valid reference.
Wed Feb 18 20:18:38 CST 2009   [warn] org.apache.velocity.runtime.exception.ReferenceException: reference : template = icbcSign.vm [line 7,column 54] : $icbcSignInfo.merCertID is not a valid reference.
Wed Feb 18 20:18:38 CST 2009   [warn] org.apache.velocity.runtime.exception.ReferenceException: reference : template = icbcSign.vm [line 8,column 52] : $icbcSignInfo.merCert is not a valid reference.
Wed Feb 18 20:18:38 CST 2009   [warn] org.apache.velocity.runtime.exception.ReferenceException: reference : template = icbcSign.vm [line 9,column 60] : $icbcSignInfo.regDate is not a valid reference.
Wed Feb 18 20:18:38 CST 2009   [warn] org.apache.velocity.runtime.exception.ReferenceException: reference : template = icbcSign.vm [line 10,column 58] : $icbcSignInfo.HSURL is not a valid reference.
Wed Feb 18 20:18:38 CST 2009   [warn] org.apache.velocity.runtime.exception.ReferenceException: reference : template = icbcSign.vm [line 11,column 58] : $icbcSignInfo.payNo is not a valid reference.
Wed Feb 18 20:18:38 CST 2009   [warn] org.apache.velocity.runtime.exception.ReferenceException: reference : template = icbcSign.vm [line 12,column 61] : $icbcSignInfo.certDate is not a valid reference.
Wed Feb 18 20:18:38 CST 2009   [warn] org.apache.velocity.runtime.exception.ReferenceException: reference : template = icbcSign.vm [line 13,column 61] : $icbcSignInfo.certData is not a valid reference.
